2016-08-09 12:44:09.815  INFO 3719 --- [main] com.compass.AdminrolesApplication        : Starting AdminrolesApplication on ezhil-Latitude-E5420 with PID 3719 (/home/ezhil/Documents/workspace-sts-3.7.3.RELEASE/imported/adminrolesver0.4/target/classes started by ezhil in /home/ezhil/Documents/workspace-sts-3.7.3.RELEASE/imported/adminrolesver0.4)
2016-08-09 12:44:09.819  INFO 3719 --- [main] com.compass.AdminrolesApplication        : No active profile set, falling back to default profiles: default
2016-08-09 12:44:10.139  INFO 3719 --- [main] ationConfigEmbeddedWebApplicationContext : Refreshing org.springframework.boot.context.embedded.AnnotationConfigEmbeddedWebApplicationContext@5af97850: startup date [Tue Aug 09 12:44:10 IST 2016]; root of context hierarchy
2016-08-09 12:44:12.088  INFO 3719 --- [main] trationDelegate$BeanPostProcessorChecker : Bean 'org.springframework.transaction.annotation.ProxyTransactionManagementConfiguration' of type [class org.springframework.transaction.annotation.ProxyTransactionManagementConfiguration$$EnhancerBySpringCGLIB$$ce5bd85b] is not eligible for getting processed by all BeanPostProcessors (for example: not eligible for auto-proxying)
2016-08-09 12:44:12.630  INFO 3719 --- [main] s.b.c.e.t.TomcatEmbeddedServletContainer : Tomcat initialized with port(s): 8080 (http)
2016-08-09 12:44:12.649  INFO 3719 --- [main] o.apache.catalina.core.StandardService   : Starting service Tomcat
2016-08-09 12:44:12.651  INFO 3719 --- [main] org.apache.catalina.core.StandardEngine  : Starting Servlet Engine: Apache Tomcat/8.0.36
2016-08-09 12:44:12.794  INFO 3719 --- [localhost-startStop-1] o.a.c.c.C.[Tomcat].[localhost].[/]       : Initializing Spring embedded WebApplicationContext
2016-08-09 12:44:12.794  INFO 3719 --- [localhost-startStop-1] o.s.web.context.ContextLoader            : Root WebApplicationContext: initialization completed in 2661 ms
2016-08-09 12:44:13.197  INFO 3719 --- [localhost-startStop-1] o.s.b.c.e.ServletRegistrationBean        : Mapping servlet: 'dispatcherServlet' to [/]
2016-08-09 12:44:13.202  INFO 3719 --- [localhost-startStop-1] o.s.b.c.embedded.FilterRegistrationBean  : Mapping filter: 'metricFilter' to: [/*]
2016-08-09 12:44:13.202  INFO 3719 --- [localhost-startStop-1] o.s.b.c.embedded.FilterRegistrationBean  : Mapping filter: 'characterEncodingFilter' to: [/*]
2016-08-09 12:44:13.202  INFO 3719 --- [localhost-startStop-1] o.s.b.c.embedded.FilterRegistrationBean  : Mapping filter: 'hiddenHttpMethodFilter' to: [/*]
2016-08-09 12:44:13.203  INFO 3719 --- [localhost-startStop-1] o.s.b.c.embedded.FilterRegistrationBean  : Mapping filter: 'httpPutFormContentFilter' to: [/*]
2016-08-09 12:44:13.203  INFO 3719 --- [localhost-startStop-1] o.s.b.c.embedded.FilterRegistrationBean  : Mapping filter: 'requestContextFilter' to: [/*]
2016-08-09 12:44:13.203  INFO 3719 --- [localhost-startStop-1] o.s.b.c.embedded.FilterRegistrationBean  : Mapping filter: 'webRequestLoggingFilter' to: [/*]
2016-08-09 12:44:13.203  INFO 3719 --- [localhost-startStop-1] o.s.b.c.embedded.FilterRegistrationBean  : Mapping filter: 'applicationContextIdFilter' to: [/*]
2016-08-09 12:44:13.500  INFO 3719 --- [main] j.LocalContainerEntityManagerFactoryBean : Building JPA container EntityManagerFactory for persistence unit 'default'
2016-08-09 12:44:13.512  INFO 3719 --- [main] o.hibernate.jpa.internal.util.LogHelper  : HHH000204: Processing PersistenceUnitInfo [
	name: default
	...]
2016-08-09 12:44:13.595  INFO 3719 --- [main] org.hibernate.Version                    : HHH000412: Hibernate Core {4.3.11.Final}
2016-08-09 12:44:13.597  INFO 3719 --- [main] org.hibernate.cfg.Environment            : HHH000206: hibernate.properties not found
2016-08-09 12:44:13.600  INFO 3719 --- [main] org.hibernate.cfg.Environment            : HHH000021: Bytecode provider name : javassist
2016-08-09 12:44:13.800  INFO 3719 --- [main] o.hibernate.annotations.common.Version   : HCANN000001: Hibernate Commons Annotations {4.0.5.Final}
2016-08-09 12:44:14.217  INFO 3719 --- [main] org.hibernate.dialect.Dialect            : HHH000400: Using dialect: org.hibernate.dialect.MySQL5Dialect
2016-08-09 12:44:14.317  INFO 3719 --- [main] o.h.h.i.ast.ASTQueryTranslatorFactory    : HHH000397: Using ASTQueryTranslatorFactory
2016-08-09 12:44:14.540  INFO 3719 --- [main] org.hibernate.tool.hbm2ddl.SchemaExport  : HHH000227: Running hbm2ddl schema export
2016-08-09 12:44:16.102  INFO 3719 --- [main] org.hibernate.tool.hbm2ddl.SchemaExport  : HHH000230: Schema export complete
2016-08-09 12:44:16.667  INFO 3719 --- [main] s.w.s.m.m.a.RequestMappingHandlerAdapter : Looking for @ControllerAdvice: org.springframework.boot.context.embedded.AnnotationConfigEmbeddedWebApplicationContext@5af97850: startup date [Tue Aug 09 12:44:10 IST 2016]; root of context hierarchy
2016-08-09 12:44:16.768  INFO 3719 --- [main] s.w.s.m.m.a.RequestMappingHandlerMapping : Mapped "{[/user/{id}]}" onto public java.lang.String com.compass.UserController.developer(java.lang.Long,org.springframework.ui.Model)
2016-08-09 12:44:16.770  INFO 3719 --- [main] s.w.s.m.m.a.RequestMappingHandlerMapping : Mapped "{[/login],methods=[GET]}" onto public java.lang.String com.compass.UserController.loginPage()
2016-08-09 12:44:16.770  INFO 3719 --- [main] s.w.s.m.m.a.RequestMappingHandlerMapping : Mapped "{[/user/{id}/roles],methods=[POST]}" onto public java.lang.String com.compass.UserController.developersAddSkill(java.lang.Long,java.lang.Long,org.springframework.ui.Model)
2016-08-09 12:44:16.771  INFO 3719 --- [main] s.w.s.m.m.a.RequestMappingHandlerMapping : Mapped "{[/showusers/{id}/delete],methods=[GET]}" onto public java.lang.String com.compass.UserController.deleteUser(java.lang.Long,org.springframework.ui.Model)
2016-08-09 12:44:16.771  INFO 3719 --- [main] s.w.s.m.m.a.RequestMappingHandlerMapping : Mapped "{[/showrole/{id}/delete],methods=[GET]}" onto public java.lang.String com.compass.UserController.deleteRole(java.lang.Long,org.springframework.ui.Model)
2016-08-09 12:44:16.771  INFO 3719 --- [main] s.w.s.m.m.a.RequestMappingHandlerMapping : Mapped "{[/login],methods=[POST]}" onto public java.lang.String com.compass.UserController.authenticateLoginPage(java.lang.String,java.lang.String)
2016-08-09 12:44:16.772  INFO 3719 --- [main] s.w.s.m.m.a.RequestMappingHandlerMapping : Mapped "{[/dashboard]}" onto public java.lang.String com.compass.UserController.dashBoardMethod()
2016-08-09 12:44:16.772  INFO 3719 --- [main] s.w.s.m.m.a.RequestMappingHandlerMapping : Mapped "{[/showroles],methods=[GET]}" onto public java.lang.String com.compass.UserController.showRoleMethod(org.springframework.ui.Model)
2016-08-09 12:44:16.772  INFO 3719 --- [main] s.w.s.m.m.a.RequestMappingHandlerMapping : Mapped "{[/showusers],methods=[GET]}" onto public java.lang.String com.compass.UserController.showUserMethod(org.springframework.ui.Model)
2016-08-09 12:44:16.773  INFO 3719 --- [main] s.w.s.m.m.a.RequestMappingHandlerMapping : Mapped "{[/addrole],methods=[POST]}" onto public java.lang.String com.compass.UserController.addRoleMethod(java.lang.String)
2016-08-09 12:44:16.773  INFO 3719 --- [main] s.w.s.m.m.a.RequestMappingHandlerMapping : Mapped "{[/addrole],methods=[GET]}" onto public java.lang.String com.compass.UserController.addRoleMethod()
2016-08-09 12:44:16.773  INFO 3719 --- [main] s.w.s.m.m.a.RequestMappingHandlerMapping : Mapped "{[/users],methods=[GET]}" onto public java.lang.String com.compass.UserController.developersList(org.springframework.ui.Model)
2016-08-09 12:44:16.774  INFO 3719 --- [main] s.w.s.m.m.a.RequestMappingHandlerMapping : Mapped "{[/users],methods=[POST]}" onto public java.lang.String com.compass.UserController.developersAdd(java.lang.String,java.lang.String,java.lang.String,java.lang.String,java.lang.String,org.springframework.ui.Model)
2016-08-09 12:44:16.779  INFO 3719 --- [main] s.w.s.m.m.a.RequestMappingHandlerMapping : Mapped "{[/error],produces=[text/html]}" onto public org.springframework.web.servlet.ModelAndView org.springframework.boot.autoconfigure.web.BasicErrorController.errorHtml(javax.servlet.http.HttpServletRequest,javax.servlet.http.HttpServletResponse)
2016-08-09 12:44:16.780  INFO 3719 --- [main] s.w.s.m.m.a.RequestMappingHandlerMapping : Mapped "{[/error]}" onto public org.springframework.http.ResponseEntity<java.util.Map<java.lang.String, java.lang.Object>> org.springframework.boot.autoconfigure.web.BasicErrorController.error(javax.servlet.http.HttpServletRequest)
2016-08-09 12:44:16.823  INFO 3719 --- [main] o.s.w.s.handler.SimpleUrlHandlerMapping  : Mapped URL path [/webjars/**] onto handler of type [class org.springframework.web.servlet.resource.ResourceHttpRequestHandler]
2016-08-09 12:44:16.841  INFO 3719 --- [main] o.s.w.s.handler.SimpleUrlHandlerMapping  : Mapped URL path [/**] onto handler of type [class org.springframework.web.servlet.resource.ResourceHttpRequestHandler]
2016-08-09 12:44:16.914  INFO 3719 --- [main] o.s.w.s.handler.SimpleUrlHandlerMapping  : Mapped URL path [/**/favicon.ico] onto handler of type [class org.springframework.web.servlet.resource.ResourceHttpRequestHandler]
2016-08-09 12:44:17.658  INFO 3719 --- [main] o.s.b.a.e.mvc.EndpointHandlerMapping     : Mapped "{[/logfile || /logfile.json],methods=[GET || HEAD]}" onto public void org.springframework.boot.actuate.endpoint.mvc.LogFileMvcEndpoint.invoke(javax.servlet.http.HttpServletRequest,javax.servlet.http.HttpServletResponse) throws javax.servlet.ServletException,java.io.IOException
2016-08-09 12:44:17.659  INFO 3719 --- [main] o.s.b.a.e.mvc.EndpointHandlerMapping     : Mapped "{[/dump || /dump.json],methods=[GET],produces=[application/json]}" onto public java.lang.Object org.springframework.boot.actuate.endpoint.mvc.EndpointMvcAdapter.invoke()
2016-08-09 12:44:17.660  INFO 3719 --- [main] o.s.b.a.e.mvc.EndpointHandlerMapping     : Mapped "{[/env/{name:.*}],methods=[GET],produces=[application/json]}" onto public java.lang.Object org.springframework.boot.actuate.endpoint.mvc.EnvironmentMvcEndpoint.value(java.lang.String)
2016-08-09 12:44:17.661  INFO 3719 --- [main] o.s.b.a.e.mvc.EndpointHandlerMapping     : Mapped "{[/env || /env.json],methods=[GET],produces=[application/json]}" onto public java.lang.Object org.springframework.boot.actuate.endpoint.mvc.EndpointMvcAdapter.invoke()
2016-08-09 12:44:17.662  INFO 3719 --- [main] o.s.b.a.e.mvc.EndpointHandlerMapping     : Mapped "{[/mappings || /mappings.json],methods=[GET],produces=[application/json]}" onto public java.lang.Object org.springframework.boot.actuate.endpoint.mvc.EndpointMvcAdapter.invoke()
2016-08-09 12:44:17.663  INFO 3719 --- [main] o.s.b.a.e.mvc.EndpointHandlerMapping     : Mapped "{[/metrics/{name:.*}],methods=[GET],produces=[application/json]}" onto public java.lang.Object org.springframework.boot.actuate.endpoint.mvc.MetricsMvcEndpoint.value(java.lang.String)
2016-08-09 12:44:17.664  INFO 3719 --- [main] o.s.b.a.e.mvc.EndpointHandlerMapping     : Mapped "{[/metrics || /metrics.json],methods=[GET],produces=[application/json]}" onto public java.lang.Object org.springframework.boot.actuate.endpoint.mvc.EndpointMvcAdapter.invoke()
2016-08-09 12:44:17.665  INFO 3719 --- [main] o.s.b.a.e.mvc.EndpointHandlerMapping     : Mapped "{[/health || /health.json],produces=[application/json]}" onto public java.lang.Object org.springframework.boot.actuate.endpoint.mvc.HealthMvcEndpoint.invoke(java.security.Principal)
2016-08-09 12:44:17.666  INFO 3719 --- [main] o.s.b.a.e.mvc.EndpointHandlerMapping     : Mapped "{[/beans || /beans.json],methods=[GET],produces=[application/json]}" onto public java.lang.Object org.springframework.boot.actuate.endpoint.mvc.EndpointMvcAdapter.invoke()
2016-08-09 12:44:17.667  INFO 3719 --- [main] o.s.b.a.e.mvc.EndpointHandlerMapping     : Mapped "{[/autoconfig || /autoconfig.json],methods=[GET],produces=[application/json]}" onto public java.lang.Object org.springframework.boot.actuate.endpoint.mvc.EndpointMvcAdapter.invoke()
2016-08-09 12:44:17.668  INFO 3719 --- [main] o.s.b.a.e.mvc.EndpointHandlerMapping     : Mapped "{[/trace || /trace.json],methods=[GET],produces=[application/json]}" onto public java.lang.Object org.springframework.boot.actuate.endpoint.mvc.EndpointMvcAdapter.invoke()
2016-08-09 12:44:17.669  INFO 3719 --- [main] o.s.b.a.e.mvc.EndpointHandlerMapping     : Mapped "{[/configprops || /configprops.json],methods=[GET],produces=[application/json]}" onto public java.lang.Object org.springframework.boot.actuate.endpoint.mvc.EndpointMvcAdapter.invoke()
2016-08-09 12:44:17.670  INFO 3719 --- [main] o.s.b.a.e.mvc.EndpointHandlerMapping     : Mapped "{[/info || /info.json],methods=[GET],produces=[application/json]}" onto public java.lang.Object org.springframework.boot.actuate.endpoint.mvc.EndpointMvcAdapter.invoke()
2016-08-09 12:44:17.821  INFO 3719 --- [main] o.s.j.e.a.AnnotationMBeanExporter        : Registering beans for JMX exposure on startup
2016-08-09 12:44:17.841  INFO 3719 --- [main] o.s.c.support.DefaultLifecycleProcessor  : Starting beans in phase 0
2016-08-09 12:44:18.026  INFO 3719 --- [main] s.b.c.e.t.TomcatEmbeddedServletContainer : Tomcat started on port(s): 8080 (http)
2016-08-09 12:44:18.439  INFO 3719 --- [main] com.compass.AdminrolesApplication        : Started AdminrolesApplication in 8.965 seconds (JVM running for 9.425)
2016-08-09 12:44:35.061  INFO 3719 --- [http-nio-8080-exec-1] o.a.c.c.C.[Tomcat].[localhost].[/]       : Initializing Spring FrameworkServlet 'dispatcherServlet'
2016-08-09 12:44:35.062  INFO 3719 --- [http-nio-8080-exec-1] o.s.web.servlet.DispatcherServlet        : FrameworkServlet 'dispatcherServlet': initialization started
2016-08-09 12:44:35.097  INFO 3719 --- [http-nio-8080-exec-1] o.s.web.servlet.DispatcherServlet        : FrameworkServlet 'dispatcherServlet': initialization completed in 35 ms
2016-08-09 12:58:35.917  INFO 3719 --- [RMI TCP Connection(2)-127.0.0.1] inMXBeanRegistrar$SpringApplicationAdmin : Application shutdown requested.
2016-08-09 12:58:35.918  INFO 3719 --- [RMI TCP Connection(2)-127.0.0.1] ationConfigEmbeddedWebApplicationContext : Closing org.springframework.boot.context.embedded.AnnotationConfigEmbeddedWebApplicationContext@5af97850: startup date [Tue Aug 09 12:44:10 IST 2016]; root of context hierarchy
2016-08-09 12:58:35.920  INFO 3719 --- [RMI TCP Connection(2)-127.0.0.1] o.s.c.support.DefaultLifecycleProcessor  : Stopping beans in phase 0
2016-08-09 12:58:35.930  INFO 3719 --- [RMI TCP Connection(2)-127.0.0.1] o.s.j.e.a.AnnotationMBeanExporter        : Unregistering JMX-exposed beans on shutdown
2016-08-09 12:58:35.946  INFO 3719 --- [RMI TCP Connection(2)-127.0.0.1] j.LocalContainerEntityManagerFactoryBean : Closing JPA EntityManagerFactory for persistence unit 'default'
2016-08-09 12:58:37.458  INFO 4186 --- [main] com.compass.AdminrolesApplication        : Starting AdminrolesApplication on ezhil-Latitude-E5420 with PID 4186 (/home/ezhil/Documents/workspace-sts-3.7.3.RELEASE/imported/adminrolesver0.4/target/classes started by ezhil in /home/ezhil/Documents/workspace-sts-3.7.3.RELEASE/imported/adminrolesver0.4)
2016-08-09 12:58:37.462  INFO 4186 --- [main] com.compass.AdminrolesApplication        : No active profile set, falling back to default profiles: default
2016-08-09 12:58:37.777  INFO 4186 --- [main] ationConfigEmbeddedWebApplicationContext : Refreshing org.springframework.boot.context.embedded.AnnotationConfigEmbeddedWebApplicationContext@5af97850: startup date [Tue Aug 09 12:58:37 IST 2016]; root of context hierarchy
2016-08-09 12:58:39.649  INFO 4186 --- [main] trationDelegate$BeanPostProcessorChecker : Bean 'org.springframework.transaction.annotation.ProxyTransactionManagementConfiguration' of type [class org.springframework.transaction.annotation.ProxyTransactionManagementConfiguration$$EnhancerBySpringCGLIB$$ce5bd85b] is not eligible for getting processed by all BeanPostProcessors (for example: not eligible for auto-proxying)
2016-08-09 12:58:40.204  INFO 4186 --- [main] s.b.c.e.t.TomcatEmbeddedServletContainer : Tomcat initialized with port(s): 8080 (http)
2016-08-09 12:58:40.221  INFO 4186 --- [main] o.apache.catalina.core.StandardService   : Starting service Tomcat
2016-08-09 12:58:40.223  INFO 4186 --- [main] org.apache.catalina.core.StandardEngine  : Starting Servlet Engine: Apache Tomcat/8.0.36
2016-08-09 12:58:40.370  INFO 4186 --- [localhost-startStop-1] o.a.c.c.C.[Tomcat].[localhost].[/]       : Initializing Spring embedded WebApplicationContext
2016-08-09 12:58:40.371  INFO 4186 --- [localhost-startStop-1] o.s.web.context.ContextLoader            : Root WebApplicationContext: initialization completed in 2600 ms
2016-08-09 12:58:40.844  INFO 4186 --- [localhost-startStop-1] o.s.b.c.e.ServletRegistrationBean        : Mapping servlet: 'dispatcherServlet' to [/]
2016-08-09 12:58:40.848  INFO 4186 --- [localhost-startStop-1] o.s.b.c.embedded.FilterRegistrationBean  : Mapping filter: 'metricFilter' to: [/*]
2016-08-09 12:58:40.848  INFO 4186 --- [localhost-startStop-1] o.s.b.c.embedded.FilterRegistrationBean  : Mapping filter: 'characterEncodingFilter' to: [/*]
2016-08-09 12:58:40.848  INFO 4186 --- [localhost-startStop-1] o.s.b.c.embedded.FilterRegistrationBean  : Mapping filter: 'hiddenHttpMethodFilter' to: [/*]
2016-08-09 12:58:40.849  INFO 4186 --- [localhost-startStop-1] o.s.b.c.embedded.FilterRegistrationBean  : Mapping filter: 'httpPutFormContentFilter' to: [/*]
2016-08-09 12:58:40.849  INFO 4186 --- [localhost-startStop-1] o.s.b.c.embedded.FilterRegistrationBean  : Mapping filter: 'requestContextFilter' to: [/*]
2016-08-09 12:58:40.849  INFO 4186 --- [localhost-startStop-1] o.s.b.c.embedded.FilterRegistrationBean  : Mapping filter: 'webRequestLoggingFilter' to: [/*]
2016-08-09 12:58:40.849  INFO 4186 --- [localhost-startStop-1] o.s.b.c.embedded.FilterRegistrationBean  : Mapping filter: 'applicationContextIdFilter' to: [/*]
2016-08-09 12:58:41.256  INFO 4186 --- [main] j.LocalContainerEntityManagerFactoryBean : Building JPA container EntityManagerFactory for persistence unit 'default'
2016-08-09 12:58:41.276  INFO 4186 --- [main] o.hibernate.jpa.internal.util.LogHelper  : HHH000204: Processing PersistenceUnitInfo [
	name: default
	...]
2016-08-09 12:58:41.375  INFO 4186 --- [main] org.hibernate.Version                    : HHH000412: Hibernate Core {4.3.11.Final}
2016-08-09 12:58:41.378  INFO 4186 --- [main] org.hibernate.cfg.Environment            : HHH000206: hibernate.properties not found
2016-08-09 12:58:41.380  INFO 4186 --- [main] org.hibernate.cfg.Environment            : HHH000021: Bytecode provider name : javassist
2016-08-09 12:58:41.580  INFO 4186 --- [main] o.hibernate.annotations.common.Version   : HCANN000001: Hibernate Commons Annotations {4.0.5.Final}
2016-08-09 12:58:42.006  INFO 4186 --- [main] org.hibernate.dialect.Dialect            : HHH000400: Using dialect: org.hibernate.dialect.MySQL5Dialect
2016-08-09 12:58:42.101  INFO 4186 --- [main] o.h.h.i.ast.ASTQueryTranslatorFactory    : HHH000397: Using ASTQueryTranslatorFactory
2016-08-09 12:58:42.319  INFO 4186 --- [main] org.hibernate.tool.hbm2ddl.SchemaExport  : HHH000227: Running hbm2ddl schema export
2016-08-09 12:58:43.860  INFO 4186 --- [main] org.hibernate.tool.hbm2ddl.SchemaExport  : HHH000230: Schema export complete
2016-08-09 12:58:44.318  INFO 4186 --- [main] s.w.s.m.m.a.RequestMappingHandlerAdapter : Looking for @ControllerAdvice: org.springframework.boot.context.embedded.AnnotationConfigEmbeddedWebApplicationContext@5af97850: startup date [Tue Aug 09 12:58:37 IST 2016]; root of context hierarchy
2016-08-09 12:58:44.391  INFO 4186 --- [main] s.w.s.m.m.a.RequestMappingHandlerMapping : Mapped "{[/user/{id}]}" onto public java.lang.String com.compass.UserController.developer(java.lang.Long,org.springframework.ui.Model)
2016-08-09 12:58:44.391  INFO 4186 --- [main] s.w.s.m.m.a.RequestMappingHandlerMapping : Mapped "{[/login],methods=[POST]}" onto public java.lang.String com.compass.UserController.authenticateLoginPage(java.lang.String,java.lang.String)
2016-08-09 12:58:44.392  INFO 4186 --- [main] s.w.s.m.m.a.RequestMappingHandlerMapping : Mapped "{[/login],methods=[GET]}" onto public java.lang.String com.compass.UserController.loginPage()
2016-08-09 12:58:44.392  INFO 4186 --- [main] s.w.s.m.m.a.RequestMappingHandlerMapping : Mapped "{[/dashboard]}" onto public java.lang.String com.compass.UserController.dashBoardMethod()
2016-08-09 12:58:44.392  INFO 4186 --- [main] s.w.s.m.m.a.RequestMappingHandlerMapping : Mapped "{[/showroles],methods=[GET]}" onto public java.lang.String com.compass.UserController.showRoleMethod(org.springframework.ui.Model)
2016-08-09 12:58:44.393  INFO 4186 --- [main] s.w.s.m.m.a.RequestMappingHandlerMapping : Mapped "{[/showusers],methods=[GET]}" onto public java.lang.String com.compass.UserController.showUserMethod(org.springframework.ui.Model)
2016-08-09 12:58:44.393  INFO 4186 --- [main] s.w.s.m.m.a.RequestMappingHandlerMapping : Mapped "{[/addrole],methods=[GET]}" onto public java.lang.String com.compass.UserController.addRoleMethod()
2016-08-09 12:58:44.393  INFO 4186 --- [main] s.w.s.m.m.a.RequestMappingHandlerMapping : Mapped "{[/addrole],methods=[POST]}" onto public java.lang.String com.compass.UserController.addRoleMethod(java.lang.String)
2016-08-09 12:58:44.393  INFO 4186 --- [main] s.w.s.m.m.a.RequestMappingHandlerMapping : Mapped "{[/users],methods=[GET]}" onto public java.lang.String com.compass.UserController.developersList(org.springframework.ui.Model)
2016-08-09 12:58:44.394  INFO 4186 --- [main] s.w.s.m.m.a.RequestMappingHandlerMapping : Mapped "{[/users],methods=[POST]}" onto public java.lang.String com.compass.UserController.developersAdd(java.lang.String,java.lang.String,java.lang.String,java.lang.String,java.lang.String,org.springframework.ui.Model)
2016-08-09 12:58:44.394  INFO 4186 --- [main] s.w.s.m.m.a.RequestMappingHandlerMapping : Mapped "{[/user/{id}/roles],methods=[POST]}" onto public java.lang.String com.compass.UserController.developersAddSkill(java.lang.Long,java.lang.Long,org.springframework.ui.Model)
2016-08-09 12:58:44.394  INFO 4186 --- [main] s.w.s.m.m.a.RequestMappingHandlerMapping : Mapped "{[/showusers/{id}/delete],methods=[GET]}" onto public java.lang.String com.compass.UserController.deleteUser(java.lang.Long,org.springframework.ui.Model)
2016-08-09 12:58:44.395  INFO 4186 --- [main] s.w.s.m.m.a.RequestMappingHandlerMapping : Mapped "{[/showrole/{id}/delete],methods=[GET]}" onto public java.lang.String com.compass.UserController.deleteRole(java.lang.Long,org.springframework.ui.Model)
2016-08-09 12:58:44.400  INFO 4186 --- [main] s.w.s.m.m.a.RequestMappingHandlerMapping : Mapped "{[/error],produces=[text/html]}" onto public org.springframework.web.servlet.ModelAndView org.springframework.boot.autoconfigure.web.BasicErrorController.errorHtml(javax.servlet.http.HttpServletRequest,javax.servlet.http.HttpServletResponse)
2016-08-09 12:58:44.400  INFO 4186 --- [main] s.w.s.m.m.a.RequestMappingHandlerMapping : Mapped "{[/error]}" onto public org.springframework.http.ResponseEntity<java.util.Map<java.lang.String, java.lang.Object>> org.springframework.boot.autoconfigure.web.BasicErrorController.error(javax.servlet.http.HttpServletRequest)
2016-08-09 12:58:44.447  INFO 4186 --- [main] o.s.w.s.handler.SimpleUrlHandlerMapping  : Mapped URL path [/webjars/**] onto handler of type [class org.springframework.web.servlet.resource.ResourceHttpRequestHandler]
2016-08-09 12:58:44.447  INFO 4186 --- [main] o.s.w.s.handler.SimpleUrlHandlerMapping  : Mapped URL path [/**] onto handler of type [class org.springframework.web.servlet.resource.ResourceHttpRequestHandler]
2016-08-09 12:58:44.501  INFO 4186 --- [main] o.s.w.s.handler.SimpleUrlHandlerMapping  : Mapped URL path [/**/favicon.ico] onto handler of type [class org.springframework.web.servlet.resource.ResourceHttpRequestHandler]
2016-08-09 12:58:45.241  INFO 4186 --- [main] o.s.b.a.e.mvc.EndpointHandlerMapping     : Mapped "{[/logfile || /logfile.json],methods=[GET || HEAD]}" onto public void org.springframework.boot.actuate.endpoint.mvc.LogFileMvcEndpoint.invoke(javax.servlet.http.HttpServletRequest,javax.servlet.http.HttpServletResponse) throws javax.servlet.ServletException,java.io.IOException
2016-08-09 12:58:45.242  INFO 4186 --- [main] o.s.b.a.e.mvc.EndpointHandlerMapping     : Mapped "{[/dump || /dump.json],methods=[GET],produces=[application/json]}" onto public java.lang.Object org.springframework.boot.actuate.endpoint.mvc.EndpointMvcAdapter.invoke()
2016-08-09 12:58:45.243  INFO 4186 --- [main] o.s.b.a.e.mvc.EndpointHandlerMapping     : Mapped "{[/env/{name:.*}],methods=[GET],produces=[application/json]}" onto public java.lang.Object org.springframework.boot.actuate.endpoint.mvc.EnvironmentMvcEndpoint.value(java.lang.String)
2016-08-09 12:58:45.244  INFO 4186 --- [main] o.s.b.a.e.mvc.EndpointHandlerMapping     : Mapped "{[/env || /env.json],methods=[GET],produces=[application/json]}" onto public java.lang.Object org.springframework.boot.actuate.endpoint.mvc.EndpointMvcAdapter.invoke()
2016-08-09 12:58:45.244  INFO 4186 --- [main] o.s.b.a.e.mvc.EndpointHandlerMapping     : Mapped "{[/mappings || /mappings.json],methods=[GET],produces=[application/json]}" onto public java.lang.Object org.springframework.boot.actuate.endpoint.mvc.EndpointMvcAdapter.invoke()
2016-08-09 12:58:45.245  INFO 4186 --- [main] o.s.b.a.e.mvc.EndpointHandlerMapping     : Mapped "{[/metrics/{name:.*}],methods=[GET],produces=[application/json]}" onto public java.lang.Object org.springframework.boot.actuate.endpoint.mvc.MetricsMvcEndpoint.value(java.lang.String)
2016-08-09 12:58:45.246  INFO 4186 --- [main] o.s.b.a.e.mvc.EndpointHandlerMapping     : Mapped "{[/metrics || /metrics.json],methods=[GET],produces=[application/json]}" onto public java.lang.Object org.springframework.boot.actuate.endpoint.mvc.EndpointMvcAdapter.invoke()
2016-08-09 12:58:45.247  INFO 4186 --- [main] o.s.b.a.e.mvc.EndpointHandlerMapping     : Mapped "{[/health || /health.json],produces=[application/json]}" onto public java.lang.Object org.springframework.boot.actuate.endpoint.mvc.HealthMvcEndpoint.invoke(java.security.Principal)
2016-08-09 12:58:45.248  INFO 4186 --- [main] o.s.b.a.e.mvc.EndpointHandlerMapping     : Mapped "{[/beans || /beans.json],methods=[GET],produces=[application/json]}" onto public java.lang.Object org.springframework.boot.actuate.endpoint.mvc.EndpointMvcAdapter.invoke()
2016-08-09 12:58:45.249  INFO 4186 --- [main] o.s.b.a.e.mvc.EndpointHandlerMapping     : Mapped "{[/autoconfig || /autoconfig.json],methods=[GET],produces=[application/json]}" onto public java.lang.Object org.springframework.boot.actuate.endpoint.mvc.EndpointMvcAdapter.invoke()
2016-08-09 12:58:45.249  INFO 4186 --- [main] o.s.b.a.e.mvc.EndpointHandlerMapping     : Mapped "{[/trace || /trace.json],methods=[GET],produces=[application/json]}" onto public java.lang.Object org.springframework.boot.actuate.endpoint.mvc.EndpointMvcAdapter.invoke()
2016-08-09 12:58:45.250  INFO 4186 --- [main] o.s.b.a.e.mvc.EndpointHandlerMapping     : Mapped "{[/configprops || /configprops.json],methods=[GET],produces=[application/json]}" onto public java.lang.Object org.springframework.boot.actuate.endpoint.mvc.EndpointMvcAdapter.invoke()
2016-08-09 12:58:45.251  INFO 4186 --- [main] o.s.b.a.e.mvc.EndpointHandlerMapping     : Mapped "{[/info || /info.json],methods=[GET],produces=[application/json]}" onto public java.lang.Object org.springframework.boot.actuate.endpoint.mvc.EndpointMvcAdapter.invoke()
2016-08-09 12:58:45.428  INFO 4186 --- [main] o.s.j.e.a.AnnotationMBeanExporter        : Registering beans for JMX exposure on startup
2016-08-09 12:58:45.442  INFO 4186 --- [main] o.s.c.support.DefaultLifecycleProcessor  : Starting beans in phase 0
2016-08-09 12:58:45.619  INFO 4186 --- [main] s.b.c.e.t.TomcatEmbeddedServletContainer : Tomcat started on port(s): 8080 (http)
2016-08-09 12:58:46.053  INFO 4186 --- [main] ication$$EnhancerBySpringCGLIB$$b17a09d9 : Info message
2016-08-09 12:58:46.055  INFO 4186 --- [main] com.compass.AdminrolesApplication        : Started AdminrolesApplication in 8.919 seconds (JVM running for 9.507)
2016-08-09 13:02:10.829  INFO 4186 --- [RMI TCP Connection(2)-127.0.0.1] inMXBeanRegistrar$SpringApplicationAdmin : Application shutdown requested.
2016-08-09 13:02:10.829  INFO 4186 --- [RMI TCP Connection(2)-127.0.0.1] ationConfigEmbeddedWebApplicationContext : Closing org.springframework.boot.context.embedded.AnnotationConfigEmbeddedWebApplicationContext@5af97850: startup date [Tue Aug 09 12:58:37 IST 2016]; root of context hierarchy
2016-08-09 13:02:10.832  INFO 4186 --- [RMI TCP Connection(2)-127.0.0.1] o.s.c.support.DefaultLifecycleProcessor  : Stopping beans in phase 0
2016-08-09 13:02:10.845  INFO 4186 --- [RMI TCP Connection(2)-127.0.0.1] o.s.j.e.a.AnnotationMBeanExporter        : Unregistering JMX-exposed beans on shutdown
2016-08-09 13:02:10.849  INFO 4186 --- [RMI TCP Connection(2)-127.0.0.1] j.LocalContainerEntityManagerFactoryBean : Closing JPA EntityManagerFactory for persistence unit 'default'
2016-08-09 13:02:12.235  INFO 4315 --- [main] com.compass.AdminrolesApplication        : Starting AdminrolesApplication on ezhil-Latitude-E5420 with PID 4315 (/home/ezhil/Documents/workspace-sts-3.7.3.RELEASE/imported/adminrolesver0.4/target/classes started by ezhil in /home/ezhil/Documents/workspace-sts-3.7.3.RELEASE/imported/adminrolesver0.4)
2016-08-09 13:02:12.238  INFO 4315 --- [main] com.compass.AdminrolesApplication        : No active profile set, falling back to default profiles: default
2016-08-09 13:02:12.537  INFO 4315 --- [main] ationConfigEmbeddedWebApplicationContext : Refreshing org.springframework.boot.context.embedded.AnnotationConfigEmbeddedWebApplicationContext@23282c25: startup date [Tue Aug 09 13:02:12 IST 2016]; root of context hierarchy
2016-08-09 13:02:15.051  INFO 4315 --- [main] trationDelegate$BeanPostProcessorChecker : Bean 'org.springframework.transaction.annotation.ProxyTransactionManagementConfiguration' of type [class org.springframework.transaction.annotation.ProxyTransactionManagementConfiguration$$EnhancerBySpringCGLIB$$f8316ce5] is not eligible for getting processed by all BeanPostProcessors (for example: not eligible for auto-proxying)
2016-08-09 13:02:15.551  INFO 4315 --- [main] s.b.c.e.t.TomcatEmbeddedServletContainer : Tomcat initialized with port(s): 8080 (http)
2016-08-09 13:02:15.568  INFO 4315 --- [main] o.apache.catalina.core.StandardService   : Starting service Tomcat
2016-08-09 13:02:15.570  INFO 4315 --- [main] org.apache.catalina.core.StandardEngine  : Starting Servlet Engine: Apache Tomcat/8.0.36
2016-08-09 13:02:15.696  INFO 4315 --- [localhost-startStop-1] o.a.c.c.C.[Tomcat].[localhost].[/]       : Initializing Spring embedded WebApplicationContext
2016-08-09 13:02:15.696  INFO 4315 --- [localhost-startStop-1] o.s.web.context.ContextLoader            : Root WebApplicationContext: initialization completed in 3163 ms
2016-08-09 13:02:16.164  INFO 4315 --- [localhost-startStop-1] o.s.b.c.e.ServletRegistrationBean        : Mapping servlet: 'dispatcherServlet' to [/]
2016-08-09 13:02:16.169  INFO 4315 --- [localhost-startStop-1] o.s.b.c.embedded.FilterRegistrationBean  : Mapping filter: 'metricFilter' to: [/*]
2016-08-09 13:02:16.170  INFO 4315 --- [localhost-startStop-1] o.s.b.c.embedded.FilterRegistrationBean  : Mapping filter: 'characterEncodingFilter' to: [/*]
2016-08-09 13:02:16.171  INFO 4315 --- [localhost-startStop-1] o.s.b.c.embedded.FilterRegistrationBean  : Mapping filter: 'hiddenHttpMethodFilter' to: [/*]
2016-08-09 13:02:16.171  INFO 4315 --- [localhost-startStop-1] o.s.b.c.embedded.FilterRegistrationBean  : Mapping filter: 'httpPutFormContentFilter' to: [/*]
2016-08-09 13:02:16.171  INFO 4315 --- [localhost-startStop-1] o.s.b.c.embedded.FilterRegistrationBean  : Mapping filter: 'requestContextFilter' to: [/*]
2016-08-09 13:02:16.171  INFO 4315 --- [localhost-startStop-1] o.s.b.c.embedded.FilterRegistrationBean  : Mapping filter: 'webRequestLoggingFilter' to: [/*]
2016-08-09 13:02:16.171  INFO 4315 --- [localhost-startStop-1] o.s.b.c.embedded.FilterRegistrationBean  : Mapping filter: 'applicationContextIdFilter' to: [/*]
2016-08-09 13:02:16.519  INFO 4315 --- [main] j.LocalContainerEntityManagerFactoryBean : Building JPA container EntityManagerFactory for persistence unit 'default'
2016-08-09 13:02:16.531  INFO 4315 --- [main] o.hibernate.jpa.internal.util.LogHelper  : HHH000204: Processing PersistenceUnitInfo [
	name: default
	...]
2016-08-09 13:02:16.626  INFO 4315 --- [main] org.hibernate.Version                    : HHH000412: Hibernate Core {4.3.11.Final}
2016-08-09 13:02:16.629  INFO 4315 --- [main] org.hibernate.cfg.Environment            : HHH000206: hibernate.properties not found
2016-08-09 13:02:16.632  INFO 4315 --- [main] org.hibernate.cfg.Environment            : HHH000021: Bytecode provider name : javassist
2016-08-09 13:02:16.847  INFO 4315 --- [main] o.hibernate.annotations.common.Version   : HCANN000001: Hibernate Commons Annotations {4.0.5.Final}
2016-08-09 13:02:17.334  INFO 4315 --- [main] org.hibernate.dialect.Dialect            : HHH000400: Using dialect: org.hibernate.dialect.MySQL5Dialect
2016-08-09 13:02:17.498  INFO 4315 --- [main] o.h.h.i.ast.ASTQueryTranslatorFactory    : HHH000397: Using ASTQueryTranslatorFactory
2016-08-09 13:02:17.781  INFO 4315 --- [main] org.hibernate.tool.hbm2ddl.SchemaExport  : HHH000227: Running hbm2ddl schema export
2016-08-09 13:02:19.357  INFO 4315 --- [main] org.hibernate.tool.hbm2ddl.SchemaExport  : HHH000230: Schema export complete
2016-08-09 13:02:19.924  INFO 4315 --- [main] s.w.s.m.m.a.RequestMappingHandlerAdapter : Looking for @ControllerAdvice: org.springframework.boot.context.embedded.AnnotationConfigEmbeddedWebApplicationContext@23282c25: startup date [Tue Aug 09 13:02:12 IST 2016]; root of context hierarchy
2016-08-09 13:02:20.034  INFO 4315 --- [main] s.w.s.m.m.a.RequestMappingHandlerMapping : Mapped "{[/user/{id}]}" onto public java.lang.String com.compass.UserController.developer(java.lang.Long,org.springframework.ui.Model)
2016-08-09 13:02:20.036  INFO 4315 --- [main] s.w.s.m.m.a.RequestMappingHandlerMapping : Mapped "{[/login],methods=[GET]}" onto public java.lang.String com.compass.UserController.loginPage()
2016-08-09 13:02:20.037  INFO 4315 --- [main] s.w.s.m.m.a.RequestMappingHandlerMapping : Mapped "{[/login],methods=[POST]}" onto public java.lang.String com.compass.UserController.authenticateLoginPage(java.lang.String,java.lang.String)
2016-08-09 13:02:20.037  INFO 4315 --- [main] s.w.s.m.m.a.RequestMappingHandlerMapping : Mapped "{[/dashboard]}" onto public java.lang.String com.compass.UserController.dashBoardMethod()
2016-08-09 13:02:20.039  INFO 4315 --- [main] s.w.s.m.m.a.RequestMappingHandlerMapping : Mapped "{[/showroles],methods=[GET]}" onto public java.lang.String com.compass.UserController.showRoleMethod(org.springframework.ui.Model)
2016-08-09 13:02:20.039  INFO 4315 --- [main] s.w.s.m.m.a.RequestMappingHandlerMapping : Mapped "{[/showusers],methods=[GET]}" onto public java.lang.String com.compass.UserController.showUserMethod(org.springframework.ui.Model)
2016-08-09 13:02:20.040  INFO 4315 --- [main] s.w.s.m.m.a.RequestMappingHandlerMapping : Mapped "{[/addrole],methods=[GET]}" onto public java.lang.String com.compass.UserController.addRoleMethod()
2016-08-09 13:02:20.041  INFO 4315 --- [main] s.w.s.m.m.a.RequestMappingHandlerMapping : Mapped "{[/addrole],methods=[POST]}" onto public java.lang.String com.compass.UserController.addRoleMethod(java.lang.String)
2016-08-09 13:02:20.043  INFO 4315 --- [main] s.w.s.m.m.a.RequestMappingHandlerMapping : Mapped "{[/users],methods=[GET]}" onto public java.lang.String com.compass.UserController.developersList(org.springframework.ui.Model)
2016-08-09 13:02:20.047  INFO 4315 --- [main] s.w.s.m.m.a.RequestMappingHandlerMapping : Mapped "{[/users],methods=[POST]}" onto public java.lang.String com.compass.UserController.developersAdd(java.lang.String,java.lang.String,java.lang.String,java.lang.String,java.lang.String,org.springframework.ui.Model)
2016-08-09 13:02:20.048  INFO 4315 --- [main] s.w.s.m.m.a.RequestMappingHandlerMapping : Mapped "{[/user/{id}/roles],methods=[POST]}" onto public java.lang.String com.compass.UserController.developersAddSkill(java.lang.Long,java.lang.Long,org.springframework.ui.Model)
2016-08-09 13:02:20.048  INFO 4315 --- [main] s.w.s.m.m.a.RequestMappingHandlerMapping : Mapped "{[/showusers/{id}/delete],methods=[GET]}" onto public java.lang.String com.compass.UserController.deleteUser(java.lang.Long,org.springframework.ui.Model)
2016-08-09 13:02:20.049  INFO 4315 --- [main] s.w.s.m.m.a.RequestMappingHandlerMapping : Mapped "{[/showrole/{id}/delete],methods=[GET]}" onto public java.lang.String com.compass.UserController.deleteRole(java.lang.Long,org.springframework.ui.Model)
2016-08-09 13:02:20.058  INFO 4315 --- [main] s.w.s.m.m.a.RequestMappingHandlerMapping : Mapped "{[/error],produces=[text/html]}" onto public org.springframework.web.servlet.ModelAndView org.springframework.boot.autoconfigure.web.BasicErrorController.errorHtml(javax.servlet.http.HttpServletRequest,javax.servlet.http.HttpServletResponse)
2016-08-09 13:02:20.059  INFO 4315 --- [main] s.w.s.m.m.a.RequestMappingHandlerMapping : Mapped "{[/error]}" onto public org.springframework.http.ResponseEntity<java.util.Map<java.lang.String, java.lang.Object>> org.springframework.boot.autoconfigure.web.BasicErrorController.error(javax.servlet.http.HttpServletRequest)
2016-08-09 13:02:20.139  INFO 4315 --- [main] o.s.w.s.handler.SimpleUrlHandlerMapping  : Mapped URL path [/webjars/**] onto handler of type [class org.springframework.web.servlet.resource.ResourceHttpRequestHandler]
2016-08-09 13:02:20.139  INFO 4315 --- [main] o.s.w.s.handler.SimpleUrlHandlerMapping  : Mapped URL path [/**] onto handler of type [class org.springframework.web.servlet.resource.ResourceHttpRequestHandler]
2016-08-09 13:02:20.191  INFO 4315 --- [main] o.s.w.s.handler.SimpleUrlHandlerMapping  : Mapped URL path [/**/favicon.ico] onto handler of type [class org.springframework.web.servlet.resource.ResourceHttpRequestHandler]
2016-08-09 13:02:21.074  INFO 4315 --- [main] o.s.b.a.e.mvc.EndpointHandlerMapping     : Mapped "{[/info || /info.json],methods=[GET],produces=[application/json]}" onto public java.lang.Object org.springframework.boot.actuate.endpoint.mvc.EndpointMvcAdapter.invoke()
2016-08-09 13:02:21.076  INFO 4315 --- [main] o.s.b.a.e.mvc.EndpointHandlerMapping     : Mapped "{[/configprops || /configprops.json],methods=[GET],produces=[application/json]}" onto public java.lang.Object org.springframework.boot.actuate.endpoint.mvc.EndpointMvcAdapter.invoke()
2016-08-09 13:02:21.078  INFO 4315 --- [main] o.s.b.a.e.mvc.EndpointHandlerMapping     : Mapped "{[/metrics/{name:.*}],methods=[GET],produces=[application/json]}" onto public java.lang.Object org.springframework.boot.actuate.endpoint.mvc.MetricsMvcEndpoint.value(java.lang.String)
2016-08-09 13:02:21.078  INFO 4315 --- [main] o.s.b.a.e.mvc.EndpointHandlerMapping     : Mapped "{[/metrics || /metrics.json],methods=[GET],produces=[application/json]}" onto public java.lang.Object org.springframework.boot.actuate.endpoint.mvc.EndpointMvcAdapter.invoke()
2016-08-09 13:02:21.079  INFO 4315 --- [main] o.s.b.a.e.mvc.EndpointHandlerMapping     : Mapped "{[/env/{name:.*}],methods=[GET],produces=[application/json]}" onto public java.lang.Object org.springframework.boot.actuate.endpoint.mvc.EnvironmentMvcEndpoint.value(java.lang.String)
2016-08-09 13:02:21.080  INFO 4315 --- [main] o.s.b.a.e.mvc.EndpointHandlerMapping     : Mapped "{[/env || /env.json],methods=[GET],produces=[application/json]}" onto public java.lang.Object org.springframework.boot.actuate.endpoint.mvc.EndpointMvcAdapter.invoke()
2016-08-09 13:02:21.081  INFO 4315 --- [main] o.s.b.a.e.mvc.EndpointHandlerMapping     : Mapped "{[/beans || /beans.json],methods=[GET],produces=[application/json]}" onto public java.lang.Object org.springframework.boot.actuate.endpoint.mvc.EndpointMvcAdapter.invoke()
2016-08-09 13:02:21.082  INFO 4315 --- [main] o.s.b.a.e.mvc.EndpointHandlerMapping     : Mapped "{[/health || /health.json],produces=[application/json]}" onto public java.lang.Object org.springframework.boot.actuate.endpoint.mvc.HealthMvcEndpoint.invoke(java.security.Principal)
2016-08-09 13:02:21.083  INFO 4315 --- [main] o.s.b.a.e.mvc.EndpointHandlerMapping     : Mapped "{[/mappings || /mappings.json],methods=[GET],produces=[application/json]}" onto public java.lang.Object org.springframework.boot.actuate.endpoint.mvc.EndpointMvcAdapter.invoke()
2016-08-09 13:02:21.084  INFO 4315 --- [main] o.s.b.a.e.mvc.EndpointHandlerMapping     : Mapped "{[/logfile || /logfile.json],methods=[GET || HEAD]}" onto public void org.springframework.boot.actuate.endpoint.mvc.LogFileMvcEndpoint.invoke(javax.servlet.http.HttpServletRequest,javax.servlet.http.HttpServletResponse) throws javax.servlet.ServletException,java.io.IOException
2016-08-09 13:02:21.085  INFO 4315 --- [main] o.s.b.a.e.mvc.EndpointHandlerMapping     : Mapped "{[/autoconfig || /autoconfig.json],methods=[GET],produces=[application/json]}" onto public java.lang.Object org.springframework.boot.actuate.endpoint.mvc.EndpointMvcAdapter.invoke()
2016-08-09 13:02:21.086  INFO 4315 --- [main] o.s.b.a.e.mvc.EndpointHandlerMapping     : Mapped "{[/trace || /trace.json],methods=[GET],produces=[application/json]}" onto public java.lang.Object org.springframework.boot.actuate.endpoint.mvc.EndpointMvcAdapter.invoke()
2016-08-09 13:02:21.087  INFO 4315 --- [main] o.s.b.a.e.mvc.EndpointHandlerMapping     : Mapped "{[/dump || /dump.json],methods=[GET],produces=[application/json]}" onto public java.lang.Object org.springframework.boot.actuate.endpoint.mvc.EndpointMvcAdapter.invoke()
2016-08-09 13:02:21.266  INFO 4315 --- [main] o.s.j.e.a.AnnotationMBeanExporter        : Registering beans for JMX exposure on startup
2016-08-09 13:02:21.282  INFO 4315 --- [main] o.s.c.support.DefaultLifecycleProcessor  : Starting beans in phase 0
2016-08-09 13:02:21.499  INFO 4315 --- [main] s.b.c.e.t.TomcatEmbeddedServletContainer : Tomcat started on port(s): 8080 (http)
2016-08-09 13:02:21.923  INFO 4315 --- [main] ication$$EnhancerBySpringCGLIB$$db4f9e63 : Info message
2016-08-09 13:02:21.923  INFO 4315 --- [main] ication$$EnhancerBySpringCGLIB$$db4f9e63 : hello
2016-08-09 13:02:21.925  INFO 4315 --- [main] com.compass.AdminrolesApplication        : Started AdminrolesApplication in 10.033 seconds (JVM running for 10.48)
2016-08-09 14:10:48.966  INFO 4315 --- [RMI TCP Connection(2)-127.0.0.1] inMXBeanRegistrar$SpringApplicationAdmin : Application shutdown requested.
2016-08-09 14:10:48.966  INFO 4315 --- [RMI TCP Connection(2)-127.0.0.1] ationConfigEmbeddedWebApplicationContext : Closing org.springframework.boot.context.embedded.AnnotationConfigEmbeddedWebApplicationContext@23282c25: startup date [Tue Aug 09 13:02:12 IST 2016]; root of context hierarchy
2016-08-09 14:10:48.967  INFO 4315 --- [RMI TCP Connection(2)-127.0.0.1] o.s.c.support.DefaultLifecycleProcessor  : Stopping beans in phase 0
2016-08-09 14:10:48.974  INFO 4315 --- [RMI TCP Connection(2)-127.0.0.1] o.s.j.e.a.AnnotationMBeanExporter        : Unregistering JMX-exposed beans on shutdown
2016-08-09 14:10:48.978  INFO 4315 --- [RMI TCP Connection(2)-127.0.0.1] j.LocalContainerEntityManagerFactoryBean : Closing JPA EntityManagerFactory for persistence unit 'default'
